info it worked if it ends with ok
verbose cli [ 'node', '/usr/local/bin/npm', 'publish' ]
info using npm@1.0.104
info using node@v0.4.7
verbose config file /home/shripad/.npmrc
verbose config file /usr/local/etc/npmrc
verbose config file /usr/local/lib/node_modules/npm/npmrc
verbose publish [ '.' ]
silly testEngine { name: 'nodeunit-fork',
silly testEngine   description: 'Easy unit testing for node.js and the browser. (Fork of Caolan McMahon\'s nodeunit. Please see: https://github.com/caolan/nodeunit)',
silly testEngine   maintainers: 
silly testEngine    [ { name: 'Shripad K',
silly testEngine        url: 'https://github.com/shripadk' } ],
silly testEngine   version: '0.6.4',
silly testEngine   repository: 
silly testEngine    { type: 'git',
silly testEngine      url: 'git://github.com/shripadk/nodeunit.git' },
silly testEngine   devDependencies: { 'uglify-js': '>=1.1.0' },
silly testEngine   bugs: { url: 'http://github.com/caolan/nodeunit/issues' },
silly testEngine   licenses: 
silly testEngine    [ { type: 'MIT',
silly testEngine        url: 'http://github.com/shripadk/nodeunit/raw/master/LICENSE' } ],
silly testEngine   directories: { lib: './lib', doc: './doc', man: './man1' },
silly testEngine   bin: { nodeunit: './bin/nodeunit' },
silly testEngine   dependencies: 
silly testEngine    { 'tap-assert': '>=0.0.9',
silly testEngine      'tap-producer': '>=0.0.1',
silly testEngine      request: '>=2.2.4' },
silly testEngine   _npmUser: 
silly testEngine    { name: 'shripadk',
silly testEngine      email: 'assortmentofsorts@gmail.com' },
silly testEngine   _id: 'nodeunit-fork@0.6.4',
silly testEngine   engines: { node: '*' },
silly testEngine   _engineSupported: true,
silly testEngine   _npmVersion: '1.0.104',
silly testEngine   _nodeVersion: 'v0.4.7',
silly testEngine   _defaultsLoaded: true,
silly testEngine   man: [ 'man1/nodeunit.1' ],
silly testEngine   scripts: {} }
verbose caching /home/shripad/CODE/nodeunit/package.json
verbose loadDefaults nodeunit-fork@0.6.4
info prepublish nodeunit-fork@0.6.4
verbose cache add [ '.', null ]
silly cache add: name, spec, args [ undefined, '.', [ '.', null ] ]
verbose parsed url { pathname: '.', href: '.' }
silly testEngine { name: 'nodeunit-fork',
silly testEngine   description: 'Easy unit testing for node.js and the browser. (Fork of Caolan McMahon\'s nodeunit. Please see: https://github.com/caolan/nodeunit)',
silly testEngine   maintainers: 
silly testEngine    [ { name: 'Shripad K',
silly testEngine        url: 'https://github.com/shripadk' } ],
silly testEngine   version: '0.6.4',
silly testEngine   repository: 
silly testEngine    { type: 'git',
silly testEngine      url: 'git://github.com/shripadk/nodeunit.git' },
silly testEngine   devDependencies: { 'uglify-js': '>=1.1.0' },
silly testEngine   bugs: { url: 'http://github.com/caolan/nodeunit/issues' },
silly testEngine   licenses: 
silly testEngine    [ { type: 'MIT',
silly testEngine        url: 'http://github.com/shripadk/nodeunit/raw/master/LICENSE' } ],
silly testEngine   directories: { lib: './lib', doc: './doc', man: './man1' },
silly testEngine   bin: { nodeunit: './bin/nodeunit' },
silly testEngine   dependencies: 
silly testEngine    { 'tap-assert': '>=0.0.9',
silly testEngine      'tap-producer': '>=0.0.1',
silly testEngine      request: '>=2.2.4' },
silly testEngine   _npmUser: 
silly testEngine    { name: 'shripadk',
silly testEngine      email: 'assortmentofsorts@gmail.com' },
silly testEngine   _id: 'nodeunit-fork@0.6.4',
silly testEngine   engines: { node: '*' },
silly testEngine   _engineSupported: true,
silly testEngine   _npmVersion: '1.0.104',
silly testEngine   _nodeVersion: 'v0.4.7',
silly testEngine   _defaultsLoaded: true,
silly testEngine   man: [ 'man1/nodeunit.1' ],
silly testEngine   path: '/home/shripad/CODE/nodeunit',
silly testEngine   bundleDependencies: [] }
verbose caching package.json
verbose loadDefaults nodeunit-fork@0.6.4
verbose pack /home/shripad/CODE/nodeunit /tmp/npm-1321776460785/1321776460785-0.06242868420667946/tmp.tgz
silly testEngine { name: 'ejs',
silly testEngine   description: 'Embedded JavaScript templates',
silly testEngine   version: '0.4.3',
silly testEngine   author: 
silly testEngine    { name: 'TJ Holowaychuk',
silly testEngine      email: 'tj@vision-media.ca' },
silly testEngine   keywords: [ 'template', 'engine', 'ejs' ],
silly testEngine   devDependencies: { expresso: '0.9.2' },
silly testEngine   main: './lib/ejs.js',
silly testEngine   _npmUser: 
silly testEngine    { name: 'shripadk',
silly testEngine      email: 'assortmentofsorts@gmail.com' },
silly testEngine   _id: 'ejs@0.4.3',
silly testEngine   dependencies: {},
silly testEngine   engines: { node: '*' },
silly testEngine   _engineSupported: true,
silly testEngine   _npmVersion: '1.0.104',
silly testEngine   _nodeVersion: 'v0.4.7',
silly testEngine   _defaultsLoaded: true,
silly testEngine   path: '/home/shripad/CODE/nodeunit/deps/ejs',
silly testEngine   bundleDependencies: [] }
verbose caching /home/shripad/CODE/nodeunit/deps/ejs/package.json
verbose loadDefaults ejs@0.4.3
verbose mkdir (expected) error ENOENT, No such file or directory '/tmp/npm-1321776460785'
verbose mkdir (expected) error ENOENT, No such file or directory '/tmp/npm-1321776460785/1321776460785-0.06242868420667946'
verbose mkdir done: /tmp/npm-1321776460785/1321776460785-0.06242868420667946 755
verbose mkdir'ed /tmp/npm-1321776460785/1321776460785-0.06242868420667946
verbose tar about to write tar and gzip it.
silly tar args [ '-czvf', '-', '-T', '-' ]
silly spawning [ 'tar',
silly spawning   [ '-czvf', '-', '-T', '-' ],
silly spawning   '/home/shripad/CODE' ]
verbose mkdir (expected) error ENOENT, No such file or directory '/tmp/npm-1321776460785/1321776460785-0.06242868420667946/contents'
verbose mkdir (expected) error ENOENT, No such file or directory '/tmp/npm-1321776460785/1321776460785-0.06242868420667946/contents/___package.npm'
verbose mkdir done: /tmp/npm-1321776460785/1321776460785-0.06242868420667946/contents/___package.npm 755
verbose unpack_ uid, gid [ 1000, 1000 ]
verbose unpackTarget /tmp/npm-1321776460785/1321776460785-0.06242868420667946/contents/package
silly gunzTarPerm modes [ '755', '644' ]
silly spawning [ 'tar',
silly spawning   [ '-zmvxpf',
silly spawning     '/tmp/npm-1321776460785/1321776460785-0.06242868420667946/tmp.tgz',
silly spawning     '-o' ],
silly spawning   '/tmp/npm-1321776460785/1321776460785-0.06242868420667946/contents/___package.npm' ]
silly tar out nodeunit/README.md
silly tar out nodeunit/.npmignore
silly tar out nodeunit/index.js
silly tar out nodeunit/.gitignore
silly tar out nodeunit/CONTRIBUTORS.md
silly tar out nodeunit/LICENSE
silly tar out nodeunit/package.json
silly tar out nodeunit/nodelint.cfg
silly tar out nodeunit/Makefile
silly tar out nodeunit/img/example_pass.png
silly tar out nodeunit/img/example_machineout.png
silly tar out nodeunit/img/example_fail.png
silly tar out nodeunit/doc/nodeunit.md
silly tar out nodeunit/man1/nodeunit.1
silly tar out nodeunit/bin/nodeunit
silly tar out nodeunit/bin/nodeunit.json
silly tar out nodeunit/share/nodeunit.css
silly tar out nodeunit/share/junit.xml.ejs
silly tar out nodeunit/share/license.js
silly tar out nodeunit/lib/assert.js
silly tar out nodeunit/lib/utils.js
silly tar out nodeunit/lib/types.js
silly tar out nodeunit/lib/nodeunit.js
silly tar out nodeunit/lib/core.js
silly tar out nodeunit/lib/track.js
silly tar out nodeunit/lib/reporters/nested.js
silly tar out nodeunit/lib/reporters/index.js
silly tar out nodeunit/lib/reporters/junit.js
silly tar out nodeunit/lib/reporters/verbose.js
silly tar out nodeunit/lib/reporters/tap.js
silly tar out nodeunit/lib/reporters/eclipse.js
silly tar out nodeunit/lib/reporters/skip_passed.js
silly tar out nodeunit/lib/reporters/browser.js
silly tar out nodeunit/lib/reporters/default.js
silly tar out nodeunit/lib/reporters/html.js
silly tar out nodeunit/lib/reporters/minimal.js
silly tar out nodeunit/lib/reporters/machineout.js
silly tar out nodeunit/examples/browser/suite1.js
silly tar out nodeunit/examples/browser/test.html
silly tar out nodeunit/examples/browser/suite3.js
silly tar out nodeunit/examples/browser/nodeunit.js
silly tar out nodeunit/examples/browser/suite2.js
silly tar out nodeunit/examples/nested/nested_reporter_test.unit.js
silly tar out nodeunit/test/test-sandbox.js
silly tar out nodeunit/test/test-base.js
silly tar out nodeunit/test/test.html
silly tar out nodeunit/test/test-runfiles.js
silly tar out nodeunit/test/test-testcase.js
silly tar out nodeunit/test/test-runtest.js
silly tar out nodeunit/test/test-httputil.js
silly tar out nodeunit/test/test-testcase-legacy.js
silly tar out nodeunit/test/test-failing-callbacks.js
silly tar out nodeunit/test/test-runmodule.js
silly tar out nodeunit/test/fixtures/raw_jscode1.js
silly tar out nodeunit/test/fixtures/mock_module2.js
silly tar out nodeunit/test/fixtures/mock_module1.js
silly tar out nodeunit/test/fixtures/raw_jscode3.js
silly tar out nodeunit/test/fixtures/raw_jscode2.js
silly tar out nodeunit/test/fixtures/dir/mock_module4.js
silly tar out nodeunit/test/fixtures/dir/mock_module3.js
silly tar out nodeunit/test/fixtures/coffee/mock_coffee_module.coffee
silly tar out nodeunit/deps/console.log.js
silly tar out nodeunit/deps/async.js
silly tar out nodeunit/deps/json2.js
silly tar out nodeunit/deps/ejs/History.md
silly tar out nodeunit/deps/ejs/ejs.js
silly tar out nodeunit/deps/ejs/index.js
silly tar out nodeunit/deps/ejs/Readme.md
silly tar out nodeunit/deps/ejs/ejs.min.js
silly tar out nodeunit/deps/ejs/package.json
silly tar out nodeunit/deps/ejs/benchmark.js
silly tar out nodeunit/deps/ejs/Makefile
silly tar out nodeunit/deps/ejs/lib/ejs.js
silly tar out nodeunit/deps/ejs/lib/utils.js
silly tar out nodeunit/deps/ejs/lib/filters.js
silly tar out nodeunit/deps/ejs/support/compile.js
silly tar out nodeunit/deps/ejs/test/ejs.test.js
silly tar out nodeunit/deps/ejs/examples/list.ejs
silly tar out nodeunit/deps/ejs/examples/client.html
silly tar out nodeunit/deps/ejs/examples/list.js
silly asyncMap in gTP /tmp/npm-1321776460785/1321776460785-0.06242868420667946/contents/___package.npm/nodeunit
silly asyncMap in gTP /tmp/npm-1321776460785/1321776460785-0.06242868420667946/contents/___package.npm/nodeunit/README.md
silly asyncMap in gTP /tmp/npm-1321776460785/1321776460785-0.06242868420667946/contents/___package.npm/nodeunit/.npmignore
silly asyncMap in gTP /tmp/npm-1321776460785/1321776460785-0.06242868420667946/contents/___package.npm/nodeunit/index.js
silly asyncMap in gTP /tmp/npm-1321776460785/1321776460785-0.06242868420667946/contents/___package.npm/nodeunit/.gitignore
silly asyncMap in gTP /tmp/npm-1321776460785/1321776460785-0.06242868420667946/contents/___package.npm/nodeunit/CONTRIBUTORS.md
silly asyncMap in gTP /tmp/npm-1321776460785/1321776460785-0.06242868420667946/contents/___package.npm/nodeunit/LICENSE
silly asyncMap in gTP /tmp/npm-1321776460785/1321776460785-0.06242868420667946/contents/___package.npm/nodeunit/package.json
silly asyncMap in gTP /tmp/npm-1321776460785/1321776460785-0.06242868420667946/contents/___package.npm/nodeunit/nodelint.cfg
silly asyncMap in gTP /tmp/npm-1321776460785/1321776460785-0.06242868420667946/contents/___package.npm/nodeunit/Makefile
silly asyncMap in gTP /tmp/npm-1321776460785/1321776460785-0.06242868420667946/contents/___package.npm/nodeunit/img
silly asyncMap in gTP /tmp/npm-1321776460785/1321776460785-0.06242868420667946/contents/___package.npm/nodeunit/img/example_pass.png
silly asyncMap in gTP /tmp/npm-1321776460785/1321776460785-0.06242868420667946/contents/___package.npm/nodeunit/img/example_machineout.png
silly asyncMap in gTP /tmp/npm-1321776460785/1321776460785-0.06242868420667946/contents/___package.npm/nodeunit/img/example_fail.png
silly asyncMap in gTP /tmp/npm-1321776460785/1321776460785-0.06242868420667946/contents/___package.npm/nodeunit/doc
silly asyncMap in gTP /tmp/npm-1321776460785/1321776460785-0.06242868420667946/contents/___package.npm/nodeunit/doc/nodeunit.md
silly asyncMap in gTP /tmp/npm-1321776460785/1321776460785-0.06242868420667946/contents/___package.npm/nodeunit/man1
silly asyncMap in gTP /tmp/npm-1321776460785/1321776460785-0.06242868420667946/contents/___package.npm/nodeunit/man1/nodeunit.1
silly asyncMap in gTP /tmp/npm-1321776460785/1321776460785-0.06242868420667946/contents/___package.npm/nodeunit/bin
silly asyncMap in gTP /tmp/npm-1321776460785/1321776460785-0.06242868420667946/contents/___package.npm/nodeunit/bin/nodeunit
silly asyncMap in gTP /tmp/npm-1321776460785/1321776460785-0.06242868420667946/contents/___package.npm/nodeunit/bin/nodeunit.json
silly asyncMap in gTP /tmp/npm-1321776460785/1321776460785-0.06242868420667946/contents/___package.npm/nodeunit/share
silly asyncMap in gTP /tmp/npm-1321776460785/1321776460785-0.06242868420667946/contents/___package.npm/nodeunit/share/license.js
silly asyncMap in gTP /tmp/npm-1321776460785/1321776460785-0.06242868420667946/contents/___package.npm/nodeunit/share/nodeunit.css
silly asyncMap in gTP /tmp/npm-1321776460785/1321776460785-0.06242868420667946/contents/___package.npm/nodeunit/share/junit.xml.ejs
silly asyncMap in gTP /tmp/npm-1321776460785/1321776460785-0.06242868420667946/contents/___package.npm/nodeunit/lib
silly asyncMap in gTP /tmp/npm-1321776460785/1321776460785-0.06242868420667946/contents/___package.npm/nodeunit/lib/assert.js
silly asyncMap in gTP /tmp/npm-1321776460785/1321776460785-0.06242868420667946/contents/___package.npm/nodeunit/lib/utils.js
silly asyncMap in gTP /tmp/npm-1321776460785/1321776460785-0.06242868420667946/contents/___package.npm/nodeunit/lib/track.js
silly asyncMap in gTP /tmp/npm-1321776460785/1321776460785-0.06242868420667946/contents/___package.npm/nodeunit/lib/types.js
silly asyncMap in gTP /tmp/npm-1321776460785/1321776460785-0.06242868420667946/contents/___package.npm/nodeunit/lib/nodeunit.js
silly asyncMap in gTP /tmp/npm-1321776460785/1321776460785-0.06242868420667946/contents/___package.npm/nodeunit/lib/core.js
silly asyncMap in gTP /tmp/npm-1321776460785/1321776460785-0.06242868420667946/contents/___package.npm/nodeunit/lib/reporters
silly asyncMap in gTP /tmp/npm-1321776460785/1321776460785-0.06242868420667946/contents/___package.npm/nodeunit/lib/reporters/nested.js
silly asyncMap in gTP /tmp/npm-1321776460785/1321776460785-0.06242868420667946/contents/___package.npm/nodeunit/lib/reporters/index.js
silly asyncMap in gTP /tmp/npm-1321776460785/1321776460785-0.06242868420667946/contents/___package.npm/nodeunit/lib/reporters/junit.js
silly asyncMap in gTP /tmp/npm-1321776460785/1321776460785-0.06242868420667946/contents/___package.npm/nodeunit/lib/reporters/verbose.js
silly asyncMap in gTP /tmp/npm-1321776460785/1321776460785-0.06242868420667946/contents/___package.npm/nodeunit/lib/reporters/tap.js
silly asyncMap in gTP /tmp/npm-1321776460785/1321776460785-0.06242868420667946/contents/___package.npm/nodeunit/lib/reporters/eclipse.js
silly asyncMap in gTP /tmp/npm-1321776460785/1321776460785-0.06242868420667946/contents/___package.npm/nodeunit/lib/reporters/skip_passed.js
silly asyncMap in gTP /tmp/npm-1321776460785/1321776460785-0.06242868420667946/contents/___package.npm/nodeunit/lib/reporters/browser.js
silly asyncMap in gTP /tmp/npm-1321776460785/1321776460785-0.06242868420667946/contents/___package.npm/nodeunit/lib/reporters/default.js
silly asyncMap in gTP /tmp/npm-1321776460785/1321776460785-0.06242868420667946/contents/___package.npm/nodeunit/lib/reporters/html.js
silly asyncMap in gTP /tmp/npm-1321776460785/1321776460785-0.06242868420667946/contents/___package.npm/nodeunit/lib/reporters/minimal.js
silly asyncMap in gTP /tmp/npm-1321776460785/1321776460785-0.06242868420667946/contents/___package.npm/nodeunit/lib/reporters/machineout.js
silly asyncMap in gTP /tmp/npm-1321776460785/1321776460785-0.06242868420667946/contents/___package.npm/nodeunit/examples
silly asyncMap in gTP /tmp/npm-1321776460785/1321776460785-0.06242868420667946/contents/___package.npm/nodeunit/examples/browser
silly asyncMap in gTP /tmp/npm-1321776460785/1321776460785-0.06242868420667946/contents/___package.npm/nodeunit/examples/browser/suite1.js
silly asyncMap in gTP /tmp/npm-1321776460785/1321776460785-0.06242868420667946/contents/___package.npm/nodeunit/examples/browser/test.html
silly asyncMap in gTP /tmp/npm-1321776460785/1321776460785-0.06242868420667946/contents/___package.npm/nodeunit/examples/browser/suite3.js
silly asyncMap in gTP /tmp/npm-1321776460785/1321776460785-0.06242868420667946/contents/___package.npm/nodeunit/examples/browser/nodeunit.js
silly asyncMap in gTP /tmp/npm-1321776460785/1321776460785-0.06242868420667946/contents/___package.npm/nodeunit/examples/browser/suite2.js
silly asyncMap in gTP /tmp/npm-1321776460785/1321776460785-0.06242868420667946/contents/___package.npm/nodeunit/examples/nested
silly asyncMap in gTP /tmp/npm-1321776460785/1321776460785-0.06242868420667946/contents/___package.npm/nodeunit/examples/nested/nested_reporter_test.unit.js
silly asyncMap in gTP /tmp/npm-1321776460785/1321776460785-0.06242868420667946/contents/___package.npm/nodeunit/deps
silly asyncMap in gTP /tmp/npm-1321776460785/1321776460785-0.06242868420667946/contents/___package.npm/nodeunit/deps/console.log.js
silly asyncMap in gTP /tmp/npm-1321776460785/1321776460785-0.06242868420667946/contents/___package.npm/nodeunit/deps/async.js
silly asyncMap in gTP /tmp/npm-1321776460785/1321776460785-0.06242868420667946/contents/___package.npm/nodeunit/deps/json2.js
silly asyncMap in gTP /tmp/npm-1321776460785/1321776460785-0.06242868420667946/contents/___package.npm/nodeunit/deps/ejs
silly asyncMap in gTP /tmp/npm-1321776460785/1321776460785-0.06242868420667946/contents/___package.npm/nodeunit/deps/ejs/History.md
silly asyncMap in gTP /tmp/npm-1321776460785/1321776460785-0.06242868420667946/contents/___package.npm/nodeunit/deps/ejs/ejs.js
silly asyncMap in gTP /tmp/npm-1321776460785/1321776460785-0.06242868420667946/contents/___package.npm/nodeunit/deps/ejs/index.js
silly asyncMap in gTP /tmp/npm-1321776460785/1321776460785-0.06242868420667946/contents/___package.npm/nodeunit/deps/ejs/Readme.md
silly asyncMap in gTP /tmp/npm-1321776460785/1321776460785-0.06242868420667946/contents/___package.npm/nodeunit/deps/ejs/ejs.min.js
silly asyncMap in gTP /tmp/npm-1321776460785/1321776460785-0.06242868420667946/contents/___package.npm/nodeunit/deps/ejs/package.json
silly asyncMap in gTP /tmp/npm-1321776460785/1321776460785-0.06242868420667946/contents/___package.npm/nodeunit/deps/ejs/benchmark.js
silly asyncMap in gTP /tmp/npm-1321776460785/1321776460785-0.06242868420667946/contents/___package.npm/nodeunit/deps/ejs/Makefile
silly asyncMap in gTP /tmp/npm-1321776460785/1321776460785-0.06242868420667946/contents/___package.npm/nodeunit/deps/ejs/lib
silly asyncMap in gTP /tmp/npm-1321776460785/1321776460785-0.06242868420667946/contents/___package.npm/nodeunit/deps/ejs/lib/ejs.js
silly asyncMap in gTP /tmp/npm-1321776460785/1321776460785-0.06242868420667946/contents/___package.npm/nodeunit/deps/ejs/lib/utils.js
silly asyncMap in gTP /tmp/npm-1321776460785/1321776460785-0.06242868420667946/contents/___package.npm/nodeunit/deps/ejs/lib/filters.js
silly asyncMap in gTP /tmp/npm-1321776460785/1321776460785-0.06242868420667946/contents/___package.npm/nodeunit/deps/ejs/support
silly asyncMap in gTP /tmp/npm-1321776460785/1321776460785-0.06242868420667946/contents/___package.npm/nodeunit/deps/ejs/support/compile.js
silly asyncMap in gTP /tmp/npm-1321776460785/1321776460785-0.06242868420667946/contents/___package.npm/nodeunit/deps/ejs/test
silly asyncMap in gTP /tmp/npm-1321776460785/1321776460785-0.06242868420667946/contents/___package.npm/nodeunit/deps/ejs/test/ejs.test.js
silly asyncMap in gTP /tmp/npm-1321776460785/1321776460785-0.06242868420667946/contents/___package.npm/nodeunit/deps/ejs/examples
silly asyncMap in gTP /tmp/npm-1321776460785/1321776460785-0.06242868420667946/contents/___package.npm/nodeunit/deps/ejs/examples/list.js
silly asyncMap in gTP /tmp/npm-1321776460785/1321776460785-0.06242868420667946/contents/___package.npm/nodeunit/deps/ejs/examples/list.ejs
silly asyncMap in gTP /tmp/npm-1321776460785/1321776460785-0.06242868420667946/contents/___package.npm/nodeunit/deps/ejs/examples/client.html
silly asyncMap in gTP /tmp/npm-1321776460785/1321776460785-0.06242868420667946/contents/___package.npm/nodeunit/test
silly asyncMap in gTP /tmp/npm-1321776460785/1321776460785-0.06242868420667946/contents/___package.npm/nodeunit/test/test-sandbox.js
silly asyncMap in gTP /tmp/npm-1321776460785/1321776460785-0.06242868420667946/contents/___package.npm/nodeunit/test/test-base.js
silly asyncMap in gTP /tmp/npm-1321776460785/1321776460785-0.06242868420667946/contents/___package.npm/nodeunit/test/test.html
silly asyncMap in gTP /tmp/npm-1321776460785/1321776460785-0.06242868420667946/contents/___package.npm/nodeunit/test/test-runfiles.js
silly asyncMap in gTP /tmp/npm-1321776460785/1321776460785-0.06242868420667946/contents/___package.npm/nodeunit/test/test-testcase.js
silly asyncMap in gTP /tmp/npm-1321776460785/1321776460785-0.06242868420667946/contents/___package.npm/nodeunit/test/test-runtest.js
silly asyncMap in gTP /tmp/npm-1321776460785/1321776460785-0.06242868420667946/contents/___package.npm/nodeunit/test/test-httputil.js
silly asyncMap in gTP /tmp/npm-1321776460785/1321776460785-0.06242868420667946/contents/___package.npm/nodeunit/test/test-testcase-legacy.js
silly asyncMap in gTP /tmp/npm-1321776460785/1321776460785-0.06242868420667946/contents/___package.npm/nodeunit/test/test-failing-callbacks.js
silly asyncMap in gTP /tmp/npm-1321776460785/1321776460785-0.06242868420667946/contents/___package.npm/nodeunit/test/test-runmodule.js
silly asyncMap in gTP /tmp/npm-1321776460785/1321776460785-0.06242868420667946/contents/___package.npm/nodeunit/test/fixtures
silly asyncMap in gTP /tmp/npm-1321776460785/1321776460785-0.06242868420667946/contents/___package.npm/nodeunit/test/fixtures/raw_jscode1.js
silly asyncMap in gTP /tmp/npm-1321776460785/1321776460785-0.06242868420667946/contents/___package.npm/nodeunit/test/fixtures/mock_module2.js
silly asyncMap in gTP /tmp/npm-1321776460785/1321776460785-0.06242868420667946/contents/___package.npm/nodeunit/test/fixtures/mock_module1.js
silly asyncMap in gTP /tmp/npm-1321776460785/1321776460785-0.06242868420667946/contents/___package.npm/nodeunit/test/fixtures/raw_jscode3.js
silly asyncMap in gTP /tmp/npm-1321776460785/1321776460785-0.06242868420667946/contents/___package.npm/nodeunit/test/fixtures/raw_jscode2.js
silly asyncMap in gTP /tmp/npm-1321776460785/1321776460785-0.06242868420667946/contents/___package.npm/nodeunit/test/fixtures/dir
silly asyncMap in gTP /tmp/npm-1321776460785/1321776460785-0.06242868420667946/contents/___package.npm/nodeunit/test/fixtures/dir/mock_module4.js
silly asyncMap in gTP /tmp/npm-1321776460785/1321776460785-0.06242868420667946/contents/___package.npm/nodeunit/test/fixtures/dir/mock_module3.js
silly asyncMap in gTP /tmp/npm-1321776460785/1321776460785-0.06242868420667946/contents/___package.npm/nodeunit/test/fixtures/coffee
silly asyncMap in gTP /tmp/npm-1321776460785/1321776460785-0.06242868420667946/contents/___package.npm/nodeunit/test/fixtures/coffee/mock_coffee_module.coffee
verbose gunzed /tmp/npm-1321776460785/1321776460785-0.06242868420667946/contents/___package.npm/nodeunit
verbose rm'ed /tmp/npm-1321776460785/1321776460785-0.06242868420667946/contents/package
verbose renamed [ '/tmp/npm-1321776460785/1321776460785-0.06242868420667946/contents/___package.npm/nodeunit',
verbose renamed   '/tmp/npm-1321776460785/1321776460785-0.06242868420667946/contents/package' ]
silly testEngine { name: 'nodeunit-fork',
silly testEngine   description: 'Easy unit testing for node.js and the browser. (Fork of Caolan McMahon\'s nodeunit. Please see: https://github.com/caolan/nodeunit)',
silly testEngine   maintainers: 
silly testEngine    [ { name: 'Shripad K',
silly testEngine        url: 'https://github.com/shripadk' } ],
silly testEngine   version: '0.6.4',
silly testEngine   repository: 
silly testEngine    { type: 'git',
silly testEngine      url: 'git://github.com/shripadk/nodeunit.git' },
silly testEngine   devDependencies: { 'uglify-js': '>=1.1.0' },
silly testEngine   bugs: { url: 'http://github.com/caolan/nodeunit/issues' },
silly testEngine   licenses: 
silly testEngine    [ { type: 'MIT',
silly testEngine        url: 'http://github.com/shripadk/nodeunit/raw/master/LICENSE' } ],
silly testEngine   directories: { lib: './lib', doc: './doc', man: './man1' },
silly testEngine   bin: { nodeunit: './bin/nodeunit' },
silly testEngine   dependencies: 
silly testEngine    { 'tap-assert': '>=0.0.9',
silly testEngine      'tap-producer': '>=0.0.1',
silly testEngine      request: '>=2.2.4' },
silly testEngine   _npmUser: 
silly testEngine    { name: 'shripadk',
silly testEngine      email: 'assortmentofsorts@gmail.com' },
silly testEngine   _id: 'nodeunit-fork@0.6.4',
silly testEngine   engines: { node: '*' },
silly testEngine   _engineSupported: true,
silly testEngine   _npmVersion: '1.0.104',
silly testEngine   _nodeVersion: 'v0.4.7',
silly testEngine   _defaultsLoaded: true,
silly testEngine   man: [ 'man1/nodeunit.1' ],
silly testEngine   path: '/tmp/npm-1321776460785/1321776460785-0.06242868420667946/contents/package' }
verbose caching /tmp/npm-1321776460785/1321776460785-0.06242868420667946/contents/package/package.json
verbose loadDefaults nodeunit-fork@0.6.4
verbose tarball contents [ 'package' ]
verbose from cache /tmp/npm-1321776460785/1321776460785-0.06242868420667946/contents/package/package.json
verbose pack /tmp/npm-1321776460785/1321776460785-0.06242868420667946/contents/package /home/shripad/.npm/nodeunit-fork/0.6.4/package.tgz
silly testEngine { name: 'ejs',
silly testEngine   description: 'Embedded JavaScript templates',
silly testEngine   version: '0.4.3',
silly testEngine   author: 
silly testEngine    { name: 'TJ Holowaychuk',
silly testEngine      email: 'tj@vision-media.ca' },
silly testEngine   keywords: [ 'template', 'engine', 'ejs' ],
silly testEngine   devDependencies: { expresso: '0.9.2' },
silly testEngine   main: './lib/ejs.js',
silly testEngine   _npmUser: 
silly testEngine    { name: 'shripadk',
silly testEngine      email: 'assortmentofsorts@gmail.com' },
silly testEngine   _id: 'ejs@0.4.3',
silly testEngine   dependencies: {},
silly testEngine   engines: { node: '*' },
silly testEngine   _engineSupported: true,
silly testEngine   _npmVersion: '1.0.104',
silly testEngine   _nodeVersion: 'v0.4.7',
silly testEngine   _defaultsLoaded: true,
silly testEngine   path: '/tmp/npm-1321776460785/1321776460785-0.06242868420667946/contents/package/deps/ejs' }
verbose caching /tmp/npm-1321776460785/1321776460785-0.06242868420667946/contents/package/deps/ejs/package.json
verbose loadDefaults ejs@0.4.3
verbose mkdir (expected) error ENOENT, No such file or directory '/home/shripad/.npm/nodeunit-fork'
verbose mkdir (expected) error ENOENT, No such file or directory '/home/shripad/.npm/nodeunit-fork/0.6.4'
verbose mkdir done: /home/shripad/.npm/nodeunit-fork/0.6.4 755
verbose mkdir'ed /home/shripad/.npm/nodeunit-fork/0.6.4
verbose tar about to write tar and gzip it.
silly tar args [ '-czvf', '-', '-T', '-' ]
silly spawning [ 'tar',
silly spawning   [ '-czvf', '-', '-T', '-' ],
silly spawning   '/tmp/npm-1321776460785/1321776460785-0.06242868420667946/contents' ]
verbose mkdir (expected) error ENOENT, No such file or directory '/home/shripad/.npm/nodeunit-fork/0.6.4/___package.npm'
verbose mkdir done: /home/shripad/.npm/nodeunit-fork/0.6.4/___package.npm 755
verbose unpack_ uid, gid [ 1000, 1000 ]
verbose unpackTarget /home/shripad/.npm/nodeunit-fork/0.6.4/package
silly gunzTarPerm modes [ '755', '644' ]
silly spawning [ 'tar',
silly spawning   [ '-zmvxpf',
silly spawning     '/home/shripad/.npm/nodeunit-fork/0.6.4/package.tgz',
silly spawning     '-o' ],
silly spawning   '/home/shripad/.npm/nodeunit-fork/0.6.4/___package.npm' ]
silly tar out package/README.md
silly tar out package/.npmignore
silly tar out package/index.js
silly tar out package/.gitignore
silly tar out package/CONTRIBUTORS.md
silly tar out package/LICENSE
silly tar out package/package.json
silly tar out package/nodelint.cfg
silly tar out package/Makefile
silly tar out package/img/example_pass.png
silly tar out package/img/example_machineout.png
silly tar out package/img/example_fail.png
silly tar out package/doc/nodeunit.md
silly tar out package/man1/nodeunit.1
silly tar out package/bin/nodeunit
silly tar out package/bin/nodeunit.json
silly tar out package/share/license.js
silly tar out package/share/nodeunit.css
silly tar out package/share/junit.xml.ejs
silly tar out package/lib/assert.js
silly tar out package/lib/utils.js
silly tar out package/lib/track.js
silly tar out package/lib/types.js
silly tar out package/lib/nodeunit.js
silly tar out package/lib/core.js
silly tar out package/lib/reporters/nested.js
silly tar out package/lib/reporters/index.js
silly tar out package/lib/reporters/junit.js
silly tar out package/lib/reporters/verbose.js
silly tar out package/lib/reporters/tap.js
silly tar out package/lib/reporters/eclipse.js
silly tar out package/lib/reporters/skip_passed.js
silly tar out package/lib/reporters/browser.js
silly tar out package/lib/reporters/default.js
silly tar out package/lib/reporters/html.js
silly tar out package/lib/reporters/minimal.js
silly tar out package/lib/reporters/machineout.js
silly tar out package/examples/browser/suite1.js
silly tar out package/examples/browser/test.html
silly tar out package/examples/browser/suite3.js
silly tar out package/examples/browser/nodeunit.js
silly tar out package/examples/browser/suite2.js
silly tar out package/examples/nested/nested_reporter_test.unit.js
silly tar out package/test/test-sandbox.js
silly tar out package/test/test-base.js
silly tar out package/test/test.html
silly tar out package/test/test-runfiles.js
silly tar out package/test/test-testcase.js
silly tar out package/test/test-runtest.js
silly tar out package/test/test-httputil.js
silly tar out package/test/test-testcase-legacy.js
silly tar out package/test/test-failing-callbacks.js
silly tar out package/test/test-runmodule.js
silly tar out package/test/fixtures/raw_jscode1.js
silly tar out package/test/fixtures/mock_module2.js
silly tar out package/test/fixtures/mock_module1.js
silly tar out package/test/fixtures/raw_jscode3.js
silly tar out package/test/fixtures/raw_jscode2.js
silly tar out package/test/fixtures/dir/mock_module4.js
silly tar out package/test/fixtures/dir/mock_module3.js
silly tar out package/test/fixtures/coffee/mock_coffee_module.coffee
silly tar out package/deps/console.log.js
silly tar out package/deps/async.js
silly tar out package/deps/json2.js
silly tar out package/deps/ejs/History.md
silly tar out package/deps/ejs/ejs.js
silly tar out package/deps/ejs/index.js
silly tar out package/deps/ejs/Readme.md
silly tar out package/deps/ejs/ejs.min.js
silly tar out package/deps/ejs/package.json
silly tar out package/deps/ejs/benchmark.js
silly tar out package/deps/ejs/Makefile
silly tar out package/deps/ejs/lib/ejs.js
silly tar out package/deps/ejs/lib/utils.js
silly tar out package/deps/ejs/lib/filters.js
silly tar out package/deps/ejs/support/compile.js
silly tar out package/deps/ejs/test/ejs.test.js
silly tar out package/deps/ejs/examples/list.js
silly tar out package/deps/ejs/examples/list.ejs
silly tar out package/deps/ejs/examples/client.html
silly asyncMap in gTP /home/shripad/.npm/nodeunit-fork/0.6.4/___package.npm/package
silly asyncMap in gTP /home/shripad/.npm/nodeunit-fork/0.6.4/___package.npm/package/README.md
silly asyncMap in gTP /home/shripad/.npm/nodeunit-fork/0.6.4/___package.npm/package/.npmignore
silly asyncMap in gTP /home/shripad/.npm/nodeunit-fork/0.6.4/___package.npm/package/index.js
silly asyncMap in gTP /home/shripad/.npm/nodeunit-fork/0.6.4/___package.npm/package/.gitignore
silly asyncMap in gTP /home/shripad/.npm/nodeunit-fork/0.6.4/___package.npm/package/CONTRIBUTORS.md
silly asyncMap in gTP /home/shripad/.npm/nodeunit-fork/0.6.4/___package.npm/package/LICENSE
silly asyncMap in gTP /home/shripad/.npm/nodeunit-fork/0.6.4/___package.npm/package/package.json
silly asyncMap in gTP /home/shripad/.npm/nodeunit-fork/0.6.4/___package.npm/package/nodelint.cfg
silly asyncMap in gTP /home/shripad/.npm/nodeunit-fork/0.6.4/___package.npm/package/Makefile
silly asyncMap in gTP /home/shripad/.npm/nodeunit-fork/0.6.4/___package.npm/package/img
silly asyncMap in gTP /home/shripad/.npm/nodeunit-fork/0.6.4/___package.npm/package/img/example_pass.png
silly asyncMap in gTP /home/shripad/.npm/nodeunit-fork/0.6.4/___package.npm/package/img/example_machineout.png
silly asyncMap in gTP /home/shripad/.npm/nodeunit-fork/0.6.4/___package.npm/package/img/example_fail.png
silly asyncMap in gTP /home/shripad/.npm/nodeunit-fork/0.6.4/___package.npm/package/doc
silly asyncMap in gTP /home/shripad/.npm/nodeunit-fork/0.6.4/___package.npm/package/doc/nodeunit.md
silly asyncMap in gTP /home/shripad/.npm/nodeunit-fork/0.6.4/___package.npm/package/man1
silly asyncMap in gTP /home/shripad/.npm/nodeunit-fork/0.6.4/___package.npm/package/man1/nodeunit.1
silly asyncMap in gTP /home/shripad/.npm/nodeunit-fork/0.6.4/___package.npm/package/bin
silly asyncMap in gTP /home/shripad/.npm/nodeunit-fork/0.6.4/___package.npm/package/bin/nodeunit
silly asyncMap in gTP /home/shripad/.npm/nodeunit-fork/0.6.4/___package.npm/package/bin/nodeunit.json
silly asyncMap in gTP /home/shripad/.npm/nodeunit-fork/0.6.4/___package.npm/package/share
silly asyncMap in gTP /home/shripad/.npm/nodeunit-fork/0.6.4/___package.npm/package/share/license.js
silly asyncMap in gTP /home/shripad/.npm/nodeunit-fork/0.6.4/___package.npm/package/share/nodeunit.css
silly asyncMap in gTP /home/shripad/.npm/nodeunit-fork/0.6.4/___package.npm/package/share/junit.xml.ejs
silly asyncMap in gTP /home/shripad/.npm/nodeunit-fork/0.6.4/___package.npm/package/lib
silly asyncMap in gTP /home/shripad/.npm/nodeunit-fork/0.6.4/___package.npm/package/lib/assert.js
silly asyncMap in gTP /home/shripad/.npm/nodeunit-fork/0.6.4/___package.npm/package/lib/utils.js
silly asyncMap in gTP /home/shripad/.npm/nodeunit-fork/0.6.4/___package.npm/package/lib/track.js
silly asyncMap in gTP /home/shripad/.npm/nodeunit-fork/0.6.4/___package.npm/package/lib/types.js
silly asyncMap in gTP /home/shripad/.npm/nodeunit-fork/0.6.4/___package.npm/package/lib/nodeunit.js
silly asyncMap in gTP /home/shripad/.npm/nodeunit-fork/0.6.4/___package.npm/package/lib/core.js
silly asyncMap in gTP /home/shripad/.npm/nodeunit-fork/0.6.4/___package.npm/package/lib/reporters
silly asyncMap in gTP /home/shripad/.npm/nodeunit-fork/0.6.4/___package.npm/package/lib/reporters/nested.js
silly asyncMap in gTP /home/shripad/.npm/nodeunit-fork/0.6.4/___package.npm/package/lib/reporters/index.js
silly asyncMap in gTP /home/shripad/.npm/nodeunit-fork/0.6.4/___package.npm/package/lib/reporters/junit.js
silly asyncMap in gTP /home/shripad/.npm/nodeunit-fork/0.6.4/___package.npm/package/lib/reporters/verbose.js
silly asyncMap in gTP /home/shripad/.npm/nodeunit-fork/0.6.4/___package.npm/package/lib/reporters/tap.js
silly asyncMap in gTP /home/shripad/.npm/nodeunit-fork/0.6.4/___package.npm/package/lib/reporters/eclipse.js
silly asyncMap in gTP /home/shripad/.npm/nodeunit-fork/0.6.4/___package.npm/package/lib/reporters/skip_passed.js
silly asyncMap in gTP /home/shripad/.npm/nodeunit-fork/0.6.4/___package.npm/package/lib/reporters/browser.js
silly asyncMap in gTP /home/shripad/.npm/nodeunit-fork/0.6.4/___package.npm/package/lib/reporters/default.js
silly asyncMap in gTP /home/shripad/.npm/nodeunit-fork/0.6.4/___package.npm/package/lib/reporters/html.js
silly asyncMap in gTP /home/shripad/.npm/nodeunit-fork/0.6.4/___package.npm/package/lib/reporters/minimal.js
silly asyncMap in gTP /home/shripad/.npm/nodeunit-fork/0.6.4/___package.npm/package/lib/reporters/machineout.js
silly asyncMap in gTP /home/shripad/.npm/nodeunit-fork/0.6.4/___package.npm/package/examples
silly asyncMap in gTP /home/shripad/.npm/nodeunit-fork/0.6.4/___package.npm/package/examples/browser
silly asyncMap in gTP /home/shripad/.npm/nodeunit-fork/0.6.4/___package.npm/package/examples/browser/suite1.js
silly asyncMap in gTP /home/shripad/.npm/nodeunit-fork/0.6.4/___package.npm/package/examples/browser/test.html
silly asyncMap in gTP /home/shripad/.npm/nodeunit-fork/0.6.4/___package.npm/package/examples/browser/suite3.js
silly asyncMap in gTP /home/shripad/.npm/nodeunit-fork/0.6.4/___package.npm/package/examples/browser/nodeunit.js
silly asyncMap in gTP /home/shripad/.npm/nodeunit-fork/0.6.4/___package.npm/package/examples/browser/suite2.js
silly asyncMap in gTP /home/shripad/.npm/nodeunit-fork/0.6.4/___package.npm/package/examples/nested
silly asyncMap in gTP /home/shripad/.npm/nodeunit-fork/0.6.4/___package.npm/package/examples/nested/nested_reporter_test.unit.js
silly asyncMap in gTP /home/shripad/.npm/nodeunit-fork/0.6.4/___package.npm/package/deps
silly asyncMap in gTP /home/shripad/.npm/nodeunit-fork/0.6.4/___package.npm/package/deps/console.log.js
silly asyncMap in gTP /home/shripad/.npm/nodeunit-fork/0.6.4/___package.npm/package/deps/async.js
silly asyncMap in gTP /home/shripad/.npm/nodeunit-fork/0.6.4/___package.npm/package/deps/json2.js
silly asyncMap in gTP /home/shripad/.npm/nodeunit-fork/0.6.4/___package.npm/package/deps/ejs
silly asyncMap in gTP /home/shripad/.npm/nodeunit-fork/0.6.4/___package.npm/package/deps/ejs/History.md
silly asyncMap in gTP /home/shripad/.npm/nodeunit-fork/0.6.4/___package.npm/package/deps/ejs/ejs.js
silly asyncMap in gTP /home/shripad/.npm/nodeunit-fork/0.6.4/___package.npm/package/deps/ejs/index.js
silly asyncMap in gTP /home/shripad/.npm/nodeunit-fork/0.6.4/___package.npm/package/deps/ejs/Readme.md
silly asyncMap in gTP /home/shripad/.npm/nodeunit-fork/0.6.4/___package.npm/package/deps/ejs/ejs.min.js
silly asyncMap in gTP /home/shripad/.npm/nodeunit-fork/0.6.4/___package.npm/package/deps/ejs/package.json
silly asyncMap in gTP /home/shripad/.npm/nodeunit-fork/0.6.4/___package.npm/package/deps/ejs/benchmark.js
silly asyncMap in gTP /home/shripad/.npm/nodeunit-fork/0.6.4/___package.npm/package/deps/ejs/Makefile
silly asyncMap in gTP /home/shripad/.npm/nodeunit-fork/0.6.4/___package.npm/package/deps/ejs/lib
silly asyncMap in gTP /home/shripad/.npm/nodeunit-fork/0.6.4/___package.npm/package/deps/ejs/lib/ejs.js
silly asyncMap in gTP /home/shripad/.npm/nodeunit-fork/0.6.4/___package.npm/package/deps/ejs/lib/utils.js
silly asyncMap in gTP /home/shripad/.npm/nodeunit-fork/0.6.4/___package.npm/package/deps/ejs/lib/filters.js
silly asyncMap in gTP /home/shripad/.npm/nodeunit-fork/0.6.4/___package.npm/package/deps/ejs/support
silly asyncMap in gTP /home/shripad/.npm/nodeunit-fork/0.6.4/___package.npm/package/deps/ejs/support/compile.js
silly asyncMap in gTP /home/shripad/.npm/nodeunit-fork/0.6.4/___package.npm/package/deps/ejs/test
silly asyncMap in gTP /home/shripad/.npm/nodeunit-fork/0.6.4/___package.npm/package/deps/ejs/test/ejs.test.js
silly asyncMap in gTP /home/shripad/.npm/nodeunit-fork/0.6.4/___package.npm/package/deps/ejs/examples
silly asyncMap in gTP /home/shripad/.npm/nodeunit-fork/0.6.4/___package.npm/package/deps/ejs/examples/list.js
silly asyncMap in gTP /home/shripad/.npm/nodeunit-fork/0.6.4/___package.npm/package/deps/ejs/examples/list.ejs
silly asyncMap in gTP /home/shripad/.npm/nodeunit-fork/0.6.4/___package.npm/package/deps/ejs/examples/client.html
silly asyncMap in gTP /home/shripad/.npm/nodeunit-fork/0.6.4/___package.npm/package/test
silly asyncMap in gTP /home/shripad/.npm/nodeunit-fork/0.6.4/___package.npm/package/test/test-sandbox.js
silly asyncMap in gTP /home/shripad/.npm/nodeunit-fork/0.6.4/___package.npm/package/test/test-base.js
silly asyncMap in gTP /home/shripad/.npm/nodeunit-fork/0.6.4/___package.npm/package/test/test.html
silly asyncMap in gTP /home/shripad/.npm/nodeunit-fork/0.6.4/___package.npm/package/test/test-runfiles.js
silly asyncMap in gTP /home/shripad/.npm/nodeunit-fork/0.6.4/___package.npm/package/test/test-testcase.js
silly asyncMap in gTP /home/shripad/.npm/nodeunit-fork/0.6.4/___package.npm/package/test/test-runtest.js
silly asyncMap in gTP /home/shripad/.npm/nodeunit-fork/0.6.4/___package.npm/package/test/test-httputil.js
silly asyncMap in gTP /home/shripad/.npm/nodeunit-fork/0.6.4/___package.npm/package/test/test-testcase-legacy.js
silly asyncMap in gTP /home/shripad/.npm/nodeunit-fork/0.6.4/___package.npm/package/test/test-failing-callbacks.js
silly asyncMap in gTP /home/shripad/.npm/nodeunit-fork/0.6.4/___package.npm/package/test/test-runmodule.js
silly asyncMap in gTP /home/shripad/.npm/nodeunit-fork/0.6.4/___package.npm/package/test/fixtures
silly asyncMap in gTP /home/shripad/.npm/nodeunit-fork/0.6.4/___package.npm/package/test/fixtures/raw_jscode1.js
silly asyncMap in gTP /home/shripad/.npm/nodeunit-fork/0.6.4/___package.npm/package/test/fixtures/mock_module2.js
silly asyncMap in gTP /home/shripad/.npm/nodeunit-fork/0.6.4/___package.npm/package/test/fixtures/mock_module1.js
silly asyncMap in gTP /home/shripad/.npm/nodeunit-fork/0.6.4/___package.npm/package/test/fixtures/raw_jscode3.js
silly asyncMap in gTP /home/shripad/.npm/nodeunit-fork/0.6.4/___package.npm/package/test/fixtures/raw_jscode2.js
silly asyncMap in gTP /home/shripad/.npm/nodeunit-fork/0.6.4/___package.npm/package/test/fixtures/dir
silly asyncMap in gTP /home/shripad/.npm/nodeunit-fork/0.6.4/___package.npm/package/test/fixtures/dir/mock_module4.js
silly asyncMap in gTP /home/shripad/.npm/nodeunit-fork/0.6.4/___package.npm/package/test/fixtures/dir/mock_module3.js
silly asyncMap in gTP /home/shripad/.npm/nodeunit-fork/0.6.4/___package.npm/package/test/fixtures/coffee
silly asyncMap in gTP /home/shripad/.npm/nodeunit-fork/0.6.4/___package.npm/package/test/fixtures/coffee/mock_coffee_module.coffee
verbose gunzed /home/shripad/.npm/nodeunit-fork/0.6.4/___package.npm/package
verbose rm'ed /home/shripad/.npm/nodeunit-fork/0.6.4/package
verbose renamed [ '/home/shripad/.npm/nodeunit-fork/0.6.4/___package.npm/package',
verbose renamed   '/home/shripad/.npm/nodeunit-fork/0.6.4/package' ]
silly testEngine { name: 'nodeunit-fork',
silly testEngine   description: 'Easy unit testing for node.js and the browser. (Fork of Caolan McMahon\'s nodeunit. Please see: https://github.com/caolan/nodeunit)',
silly testEngine   maintainers: 
silly testEngine    [ { name: 'Shripad K',
silly testEngine        url: 'https://github.com/shripadk' } ],
silly testEngine   version: '0.6.4',
silly testEngine   repository: 
silly testEngine    { type: 'git',
silly testEngine      url: 'git://github.com/shripadk/nodeunit.git' },
silly testEngine   devDependencies: { 'uglify-js': '>=1.1.0' },
silly testEngine   bugs: { url: 'http://github.com/caolan/nodeunit/issues' },
silly testEngine   licenses: 
silly testEngine    [ { type: 'MIT',
silly testEngine        url: 'http://github.com/shripadk/nodeunit/raw/master/LICENSE' } ],
silly testEngine   directories: { lib: './lib', doc: './doc', man: './man1' },
silly testEngine   bin: { nodeunit: './bin/nodeunit' },
silly testEngine   dependencies: 
silly testEngine    { 'tap-assert': '>=0.0.9',
silly testEngine      'tap-producer': '>=0.0.1',
silly testEngine      request: '>=2.2.4' },
silly testEngine   _npmUser: 
silly testEngine    { name: 'shripadk',
silly testEngine      email: 'assortmentofsorts@gmail.com' },
silly testEngine   _id: 'nodeunit-fork@0.6.4',
silly testEngine   engines: { node: '*' },
silly testEngine   _engineSupported: true,
silly testEngine   _npmVersion: '1.0.104',
silly testEngine   _nodeVersion: 'v0.4.7',
silly testEngine   _defaultsLoaded: true,
silly testEngine   man: [ 'man1/nodeunit.1' ],
silly testEngine   dist: 
silly testEngine    { shasum: 'b5c6f7199548c65c22b84c5130575871ee65064c',
silly testEngine      tarball: 'http://registry.npmjs.org/nodeunit-fork/-/nodeunit-fork-0.6.4.tgz' } }
verbose caching /home/shripad/.npm/nodeunit-fork/0.6.4/package/package.json
verbose loadDefaults nodeunit-fork@0.6.4
silly updated sha bytes 40960
silly updated sha bytes 40960
silly updated sha bytes 40960
silly updated sha bytes 40960
silly updated sha bytes 40960
silly updated sha bytes 40960
silly updated sha bytes 40960
silly updated sha bytes 40960
silly updated sha bytes 40960
silly updated sha bytes 40960
silly updated sha bytes 40960
silly updated sha bytes 40960
silly updated sha bytes 40960
silly updated sha bytes 3565
info shasum b5c6f7199548c65c22b84c5130575871ee65064c
info shasum /home/shripad/.npm/nodeunit-fork/0.6.4/package.tgz
verbose from cache /home/shripad/.npm/nodeunit-fork/0.6.4/package/package.json
verbose chmod /home/shripad/.npm/nodeunit-fork/0.6.4/package.tgz 644
verbose chown [ '/home/shripad/.npm/nodeunit-fork/0.6.4/package.tgz',
verbose chown   1000,
verbose chown   1000 ]
silly publish { name: 'nodeunit-fork',
silly publish   description: 'Easy unit testing for node.js and the browser. (Fork of Caolan McMahon\'s nodeunit. Please see: https://github.com/caolan/nodeunit)',
silly publish   maintainers: 
silly publish    [ { name: 'Shripad K',
silly publish        url: 'https://github.com/shripadk' } ],
silly publish   version: '0.6.4',
silly publish   repository: 
silly publish    { type: 'git',
silly publish      url: 'git://github.com/shripadk/nodeunit.git' },
silly publish   devDependencies: { 'uglify-js': '>=1.1.0' },
silly publish   bugs: { url: 'http://github.com/caolan/nodeunit/issues' },
silly publish   licenses: 
silly publish    [ { type: 'MIT',
silly publish        url: 'http://github.com/shripadk/nodeunit/raw/master/LICENSE' } ],
silly publish   directories: { lib: './lib', doc: './doc', man: './man1' },
silly publish   bin: { nodeunit: './bin/nodeunit' },
silly publish   dependencies: 
silly publish    { 'tap-assert': '>=0.0.9',
silly publish      'tap-producer': '>=0.0.1',
silly publish      request: '>=2.2.4' },
silly publish   _npmUser: 
silly publish    { name: 'shripadk',
silly publish      email: 'assortmentofsorts@gmail.com' },
silly publish   _id: 'nodeunit-fork@0.6.4',
silly publish   engines: { node: '*' },
silly publish   _engineSupported: true,
silly publish   _npmVersion: '1.0.104',
silly publish   _nodeVersion: 'v0.4.7',
silly publish   _defaultsLoaded: true,
silly publish   man: [ 'man1/nodeunit.1' ],
silly publish   dist: 
silly publish    { shasum: 'b5c6f7199548c65c22b84c5130575871ee65064c',
silly publish      tarball: 'http://registry.npmjs.org/nodeunit-fork/-/nodeunit-fork-0.6.4.tgz' } }
verbose PUT nodeunit-fork
verbose raw, before any munging nodeunit-fork
verbose url resolving [ 'http://registry.npmjs.org/', './nodeunit-fork' ]
verbose url resolved http://registry.npmjs.org/nodeunit-fork
verbose GET nodeunit-fork
verbose raw, before any munging nodeunit-fork
verbose url resolving [ 'http://registry.npmjs.org/', './nodeunit-fork' ]
verbose url resolved http://registry.npmjs.org/nodeunit-fork
verbose PUT nodeunit-fork/0.6.4/-tag/latest
verbose raw, before any munging nodeunit-fork/0.6.4/-tag/latest
verbose url resolving [ 'http://registry.npmjs.org/',
verbose url resolving   './nodeunit-fork/0.6.4/-tag/latest' ]
verbose url resolved http://registry.npmjs.org/nodeunit-fork/0.6.4/-tag/latest
verbose attach 2 [ 'nodeunit-fork',
verbose attach 2   '/home/shripad/.npm/nodeunit-fork/0.6.4/package.tgz',
verbose attach 2   'nodeunit-fork-0.6.4.tgz' ]
verbose GET nodeunit-fork
verbose raw, before any munging nodeunit-fork
verbose url resolving [ 'http://registry.npmjs.org/', './nodeunit-fork' ]
verbose url resolved http://registry.npmjs.org/nodeunit-fork
verbose uploading [ 'nodeunit-fork/-/nodeunit-fork-0.6.4.tgz/-rev/2-9f36f4bace8bf598db034c6982cedf79',
verbose uploading   '/home/shripad/.npm/nodeunit-fork/0.6.4/package.tgz' ]
verbose PUT nodeunit-fork/-/nodeunit-fork-0.6.4.tgz/-rev/2-9f36f4bace8bf598db034c6982cedf79
verbose raw, before any munging nodeunit-fork/-/nodeunit-fork-0.6.4.tgz/-rev/2-9f36f4bace8bf598db034c6982cedf79
verbose url resolving [ 'http://registry.npmjs.org/',
verbose url resolving   './nodeunit-fork/-/nodeunit-fork-0.6.4.tgz/-rev/2-9f36f4bace8bf598db034c6982cedf79' ]
verbose url resolved http://registry.npmjs.org/nodeunit-fork/-/nodeunit-fork-0.6.4.tgz/-rev/2-9f36f4bace8bf598db034c6982cedf79
verbose bad json <html><title>Request timeout</title><body><h1>Request timeout</h1></body></html>
ERR! registry error parsing json
verbose attach 3 [ { stack: [Getter/Setter],
verbose attach 3     arguments: [ 'ILLEGAL' ],
verbose attach 3     type: 'unexpected_token',
verbose attach 3     message: [Getter/Setter] },
verbose attach 3   'nodeunit-fork',
verbose attach 3   undefined,
verbose attach 3   'nodeunit-fork-0.6.4-0.4-ares1.7.4-ev4.4-openssl0.9.8k-v83.1.8.10-linux-2.6.32-33-generic.tgz' ]
ERR! publish failed SyntaxError: Unexpected token ILLEGAL
ERR! publish failed <html><title>Request timeout</title><body><h1>Request timeout</h1></body></html>
ERR! publish failed     at Object.parse (native)
ERR! publish failed     at Request._callback (/usr/local/lib/node_modules/npm/lib/utils/npm-registry-client/request.js:147:21)
ERR! publish failed     at Request.callback (/usr/local/lib/node_modules/npm/node_modules/request/main.js:99:22)
ERR! publish failed     at Request.<anonymous> (/usr/local/lib/node_modules/npm/node_modules/request/main.js:361:18)
ERR! publish failed     at Request.emit (events.js:64:17)
ERR! publish failed     at IncomingMessage.<anonymous> (/usr/local/lib/node_modules/npm/node_modules/request/main.js:327:16)
ERR! publish failed     at IncomingMessage.emit (events.js:81:20)
ERR! publish failed     at HTTPParser.onMessageComplete (http.js:133:23)
ERR! publish failed     at Socket.ondata (http.js:1213:22)
ERR! publish failed     at Socket._onReadable (net.js:681:27)
info publish failed rollback
verbose GET nodeunit-fork
verbose raw, before any munging nodeunit-fork
verbose url resolving [ 'http://registry.npmjs.org/', './nodeunit-fork' ]
verbose url resolved http://registry.npmjs.org/nodeunit-fork
silly get cb [ 200,
silly get cb   { vary: 'Accept',
silly get cb     server: 'CouchDB/1.1.0 (Erlang OTP/R14B04)',
silly get cb     etag: '"1ENXFIARH8YNBI5YBIY800UOB"',
silly get cb     date: 'Sun, 20 Nov 2011 08:10:04 GMT',
silly get cb     'content-type': 'application/json',
silly get cb     'content-length': '19401' } ]
verbose removing attachments { shasum: 'b5c6f7199548c65c22b84c5130575871ee65064c',
verbose removing attachments   tarball: 'http://registry.npmjs.org/nodeunit-fork/-/nodeunit-fork-0.6.4.tgz' }
info unpublish No versions remain, removing entire package
verbose DELETE nodeunit-fork/-rev/2-9f36f4bace8bf598db034c6982cedf79
verbose raw, before any munging nodeunit-fork/-rev/2-9f36f4bace8bf598db034c6982cedf79
verbose url resolving [ 'http://registry.npmjs.org/',
verbose url resolving   './nodeunit-fork/-rev/2-9f36f4bace8bf598db034c6982cedf79' ]
verbose url resolved http://registry.npmjs.org/nodeunit-fork/-rev/2-9f36f4bace8bf598db034c6982cedf79
info publish failed rolled back
ERR! SyntaxError: Unexpected token ILLEGAL
ERR! <html><title>Request timeout</title><body><h1>Request timeout</h1></body></html>
ERR!     at Object.parse (native)
ERR!     at Request._callback (/usr/local/lib/node_modules/npm/lib/utils/npm-registry-client/request.js:147:21)
ERR!     at Request.callback (/usr/local/lib/node_modules/npm/node_modules/request/main.js:99:22)
ERR!     at Request.<anonymous> (/usr/local/lib/node_modules/npm/node_modules/request/main.js:361:18)
ERR!     at Request.emit (events.js:64:17)
ERR!     at IncomingMessage.<anonymous> (/usr/local/lib/node_modules/npm/node_modules/request/main.js:327:16)
ERR!     at IncomingMessage.emit (events.js:81:20)
ERR!     at HTTPParser.onMessageComplete (http.js:133:23)
ERR!     at Socket.ondata (http.js:1213:22)
ERR!     at Socket._onReadable (net.js:681:27)
ERR! Report this *entire* log at:
ERR!     <http://github.com/isaacs/npm/issues>
ERR! or email it to:
ERR!     <npm-@googlegroups.com>
ERR! 
ERR! System Linux 2.6.32-33-generic
ERR! command "node" "/usr/local/bin/npm" "publish"
ERR! cwd /home/shripad/CODE/nodeunit
ERR! node -v v0.4.7
ERR! npm -v 1.0.104
ERR! type unexpected_token
ERR! arguments [ 'ILLEGAL' ]
verbose exit [ 1, true ]
